2024-05-16 08:32:01,122 - main - INFO - ---Starting App---
2024-05-16 08:41:43,300 - main - INFO - ---Starting App---
2024-05-16 08:42:59,180 - main - INFO - ---Starting App---
2024-05-16 08:55:56,257 - main - INFO - ---Starting App---
2024-05-16 09:04:02,623 - main - INFO - ---Starting App---
2024-05-16 09:05:00,323 - main - INFO - ---Starting App---
2024-05-16 09:11:11,327 - main - INFO - Ping endpoint was called
2024-05-16 09:21:34,454 - main - INFO - ---Starting App---
2024-05-16 09:22:57,498 - main - INFO - ---Starting App---
2024-05-16 09:24:18,442 - main - INFO - ---Starting App---
2024-05-16 09:25:38,534 - main - INFO - ---Starting App---
2024-05-16 09:26:51,104 - main - INFO - ---Starting App---
2024-05-16 09:27:53,498 - main - INFO - ---Starting App---
2024-05-16 09:33:18,715 - main - INFO - ---Starting App---
2024-05-16 10:13:06,089 - main - INFO - Ping endpoint was called
2024-05-16 10:13:07,544 - main - INFO - Ping endpoint was called
2024-05-16 10:13:08,553 - main - INFO - Ping endpoint was called
2024-05-16 10:15:27,481 - main - INFO - ---Starting App---
2024-05-16 10:17:42,089 - main - INFO - ---Starting App---
2024-05-16 10:18:51,178 - main - INFO - ---Starting App---
2024-05-16 10:20:10,757 - main - INFO - Ping endpoint was called
2024-05-16 10:20:12,957 - main - INFO - Ping endpoint was called
2024-05-16 10:23:23,832 - main - INFO - Ping endpoint was called
2024-05-16 10:23:26,134 - main - INFO - Ping endpoint was called
2024-05-16 10:23:27,655 - main - INFO - Ping endpoint was called
2024-05-16 10:23:28,981 - main - INFO - Ping endpoint was called
2024-05-16 10:23:31,060 - main - INFO - Ping endpoint was called
2024-05-16 10:23:53,493 - main - INFO - ---Starting App---
2024-05-16 10:26:12,486 - main - INFO - ---Starting App---
2024-05-16 10:26:18,565 - main - INFO - Ping endpoint was called
2024-05-16 10:26:20,150 - main - INFO - Ping endpoint was called
2024-05-16 10:26:21,165 - main - INFO - Ping endpoint was called
2024-05-16 10:26:22,046 - main - INFO - Ping endpoint was called
2024-05-16 10:26:23,098 - main - INFO - Ping endpoint was called
2024-05-16 10:26:25,194 - main - INFO - Ping endpoint was called
2024-05-16 10:26:26,639 - main - INFO - Ping endpoint was called
2024-05-16 10:26:27,892 - main - INFO - Ping endpoint was called
2024-05-16 10:27:10,332 - main - INFO - Ping endpoint was called
2024-05-16 10:27:13,025 - main - INFO - Ping endpoint was called
2024-05-16 10:27:30,091 - main - INFO - Root endpoint was called
2024-05-16 10:27:33,627 - main - INFO - Root endpoint was called
2024-05-16 10:29:39,483 - main - INFO - Root endpoint was called
2024-05-16 10:29:41,120 - main - INFO - Root endpoint was called
2024-05-16 10:29:43,208 - main - INFO - Root endpoint was called
2024-05-16 10:29:50,848 - main - INFO - Ping endpoint was called
2024-05-16 10:29:52,821 - main - INFO - Ping endpoint was called
2024-05-16 10:29:54,379 - main - INFO - Ping endpoint was called
2024-05-16 10:29:55,576 - main - INFO - Ping endpoint was called
2024-05-16 10:30:01,238 - main - INFO - Ping endpoint was called
2024-05-16 10:30:03,300 - main - INFO - Ping endpoint was called
2024-05-16 10:30:05,067 - main - INFO - Ping endpoint was called
2024-05-16 10:30:06,107 - main - INFO - Ping endpoint was called
2024-05-16 10:30:06,868 - main - INFO - Ping endpoint was called
2024-05-16 10:30:07,670 - main - INFO - Ping endpoint was called
2024-05-16 10:30:09,892 - main - INFO - Ping endpoint was called
2024-05-16 10:30:10,562 - main - INFO - Ping endpoint was called
2024-05-16 10:30:11,468 - main - INFO - Ping endpoint was called
2024-05-16 10:30:12,248 - main - INFO - Ping endpoint was called
2024-05-16 10:30:13,028 - main - INFO - Ping endpoint was called
2024-05-16 10:30:13,840 - main - INFO - Ping endpoint was called
2024-05-16 10:30:15,363 - main - INFO - Ping endpoint was called
2024-05-16 10:31:10,074 - main - INFO - Ping endpoint was called
2024-05-16 10:31:11,025 - main - INFO - Ping endpoint was called
2024-05-16 10:31:11,859 - main - INFO - Ping endpoint was called
2024-05-16 10:31:13,010 - main - INFO - Ping endpoint was called
2024-05-16 10:31:14,982 - main - INFO - Ping endpoint was called
2024-05-16 10:32:24,837 - main - INFO - Ping endpoint was called
2024-05-16 10:32:26,354 - main - INFO - Ping endpoint was called
2024-05-16 10:33:29,587 - main - INFO - ---Starting App---
2024-05-16 10:34:04,236 - main - INFO - Ping endpoint was called
2024-05-16 10:34:05,184 - main - INFO - Ping endpoint was called
2024-05-16 10:34:06,010 - main - INFO - Ping endpoint was called
2024-05-16 10:34:07,376 - main - INFO - Ping endpoint was called
2024-05-16 10:34:09,246 - main - INFO - Ping endpoint was called
2024-05-16 10:34:12,550 - main - INFO - Ping endpoint was called
2024-05-16 10:50:16,015 - main - INFO - ---Starting App---
2024-05-16 10:51:44,922 - main - INFO - Ping endpoint was called
2024-05-16 10:51:46,861 - main - INFO - Ping endpoint was called
2024-05-16 10:51:48,346 - main - INFO - Ping endpoint was called
2024-05-16 10:51:50,626 - main - INFO - Ping endpoint was called
2024-05-16 10:51:51,582 - main - INFO - Ping endpoint was called
2024-05-16 10:53:38,626 - main - INFO - ---Starting App---
2024-05-16 10:56:11,030 - main - INFO - ---Starting App---
2024-05-16 10:59:03,607 - main - INFO - Ping endpoint was called
2024-05-16 10:59:03,766 - main - INFO - Ping endpoint was called
2024-05-16 10:59:03,952 - main - INFO - Ping endpoint was called
2024-05-16 10:59:04,126 - main - INFO - Ping endpoint was called
2024-05-16 10:59:04,305 - main - INFO - Ping endpoint was called
2024-05-16 10:59:04,506 - main - INFO - Ping endpoint was called
2024-05-16 10:59:04,659 - main - INFO - Ping endpoint was called
2024-05-16 10:59:04,846 - main - INFO - Ping endpoint was called
2024-05-16 10:59:05,056 - main - INFO - Ping endpoint was called
2024-05-16 10:59:10,005 - main - INFO - Root endpoint was called
2024-05-16 10:59:11,027 - main - INFO - Root endpoint was called
2024-05-16 10:59:11,195 - main - INFO - Root endpoint was called
2024-05-16 10:59:11,365 - main - INFO - Root endpoint was called
2024-05-16 10:59:11,554 - main - INFO - Root endpoint was called
2024-05-16 10:59:11,767 - main - INFO - Root endpoint was called
2024-05-16 10:59:12,305 - main - INFO - Root endpoint was called
2024-05-16 10:59:12,757 - main - INFO - Root endpoint was called
2024-05-16 10:59:12,947 - main - INFO - Root endpoint was called
2024-05-16 10:59:13,489 - main - INFO - Root endpoint was called
2024-05-16 10:59:13,990 - main - INFO - Root endpoint was called
2024-05-16 10:59:14,374 - main - INFO - Root endpoint was called
2024-05-16 10:59:14,851 - main - INFO - Root endpoint was called
2024-05-16 11:06:00,388 - main - INFO - ---Starting App---
2024-05-16 11:09:46,108 - main - INFO - Root endpoint was called
2024-05-16 11:09:47,194 - main - INFO - Root endpoint was called
2024-05-16 11:09:47,459 - main - INFO - Root endpoint was called
2024-05-16 11:09:47,667 - main - INFO - Root endpoint was called
2024-05-16 11:09:47,869 - main - INFO - Root endpoint was called
2024-05-16 11:13:52,040 - main - INFO - ---Starting App---
2024-05-16 11:15:09,670 - main - INFO - Ping endpoint was called
2024-05-16 11:15:10,624 - main - INFO - Ping endpoint was called
2024-05-16 11:15:11,503 - main - INFO - Ping endpoint was called
2024-05-16 11:15:12,362 - main - INFO - Ping endpoint was called
2024-05-16 11:17:48,555 - main - INFO - Ping endpoint was called
2024-05-16 11:17:50,324 - main - INFO - Ping endpoint was called
2024-05-16 11:17:56,238 - main - INFO - Root endpoint was called
2024-05-16 11:17:56,809 - main - INFO - Root endpoint was called
2024-05-16 11:17:56,990 - main - INFO - Root endpoint was called
2024-05-16 11:17:57,223 - main - INFO - Root endpoint was called
2024-05-16 11:17:57,460 - main - INFO - Root endpoint was called
2024-05-16 11:17:57,619 - main - INFO - Root endpoint was called
2024-05-16 11:17:57,786 - main - INFO - Root endpoint was called
2024-05-16 11:17:57,916 - main - INFO - Root endpoint was called
2024-05-16 11:17:58,101 - main - INFO - Root endpoint was called
2024-05-16 11:17:58,277 - main - INFO - Root endpoint was called
2024-05-16 11:17:58,465 - main - INFO - Root endpoint was called
2024-05-16 11:21:21,008 - main - INFO - Root endpoint was called
2024-05-16 11:21:21,223 - main - INFO - Root endpoint was called
2024-05-16 11:21:21,454 - main - INFO - Root endpoint was called
2024-05-16 11:21:21,672 - main - INFO - Root endpoint was called
2024-05-16 11:21:21,871 - main - INFO - Root endpoint was called
2024-05-16 11:21:22,065 - main - INFO - Root endpoint was called
2024-05-16 11:21:22,290 - main - INFO - Root endpoint was called
2024-05-16 11:21:22,486 - main - INFO - Root endpoint was called
2024-05-16 11:21:22,676 - main - INFO - Root endpoint was called
2024-05-16 11:21:22,876 - main - INFO - Root endpoint was called
2024-05-16 11:21:23,070 - main - INFO - Root endpoint was called
2024-05-16 11:21:23,279 - main - INFO - Root endpoint was called
2024-05-16 11:24:36,508 - main - INFO - ---Starting App---
2024-05-16 12:02:42,429 - main - INFO - Root endpoint was called
2024-05-16 12:02:42,907 - main - INFO - Root endpoint was called
2024-05-16 12:02:43,098 - main - INFO - Root endpoint was called
2024-05-16 12:02:43,261 - main - INFO - Root endpoint was called
2024-05-16 12:02:43,439 - main - INFO - Root endpoint was called
2024-05-16 12:02:43,612 - main - INFO - Root endpoint was called
2024-05-16 12:02:43,788 - main - INFO - Root endpoint was called
2024-05-16 12:02:43,969 - main - INFO - Root endpoint was called
2024-05-16 12:02:44,133 - main - INFO - Root endpoint was called
2024-05-16 12:03:35,696 - main - INFO - Input request received...
2024-05-16 12:03:35,738 - main - INFO - Input as a dataframe
|    |   device_id |   battery_power |   blue |   clock_speed |   dual_sim |   fc |   four_g |   int_memory |   m_dep |   mobile_wt |   n_cores |   pc |   px_height |   px_width |   ram |   sc_h |   sc_w |   talk_time |   three_g |   touch_screen |   wifi |
|---:|------------:|----------------:|-------:|--------------:|-----------:|-----:|---------:|-------------:|--------:|------------:|----------:|-----:|------------:|-----------:|------:|-------:|-------:|------------:|----------:|---------------:|-------:|
|  0 |           2 |            5000 |      0 |             0 |          0 |    0 |        0 |         2000 |       0 |           0 |         5 |    4 |           0 |          0 |     0 |      1 |      1 |         200 |         0 |              0 |      0 |

2024-05-16 12:03:35,774 - main - INFO - Predictions made
|    |   device_id |   predicted_price |
|---:|------------:|------------------:|
|  0 |           2 |                 3 |

